   Compiling turbo-pix v0.1.0 (/home/rouven/projects/turbo-pix)
warning: unused imports: `Datelike` and `Timelike`
 --> src/indexer/metadata.rs:1:24
  |
1 | use chrono::{DateTime, Datelike, NaiveDateTime, Timelike, Utc};
  |                        ^^^^^^^^                 ^^^^^^^^
  |
  = note: `#[warn(unused_imports)]` on by default

warning: unused import: `Deserialize`
 --> src/web/handlers/search.rs:5:13
  |
5 | use serde::{Deserialize, Serialize};
  |             ^^^^^^^^^^^

warning: unused import: `serde_json`
 --> src/web/handlers/search.rs:6:5
  |
6 | use serde_json;
  |     ^^^^^^^^^^

warning: unused variable: `sort_field`
  --> src/web/handlers/search.rs:21:9
   |
21 |     let sort_field = query.sort.as_deref().unwrap_or("date_indexed");
   |         ^^^^^^^^^^ help: if this is intentional, prefix it with an underscore: `_sort_field`
   |
   = note: `#[warn(unused_variables)]` on by default

warning: unused variable: `sort_order`
  --> src/web/handlers/search.rs:22:9
   |
22 |     let sort_order = query.order.as_deref().unwrap_or("desc");
   |         ^^^^^^^^^^ help: if this is intentional, prefix it with an underscore: `_sort_order`

warning: unused variable: `query_text`
   --> src/db/crud.rs:403:9
    |
403 |         query_text: Option<&str>,
    |         ^^^^^^^^^^ help: if this is intentional, prefix it with an underscore: `_query_text`

warning: `turbo-pix` (lib) generated 6 warnings (run `cargo fix --lib -p turbo-pix` to apply 3 suggestions)
warning: associated function `list_all` is never used
   --> src/db/crud.rs:125:12
    |
54  | impl Photo {
    | ---------- associated function in this implementation
...
125 |     pub fn list_all(pool: &DbPool, limit: i64) -> Result<Vec<Photo>, Box<dyn std::error::Error>> {
    |            ^^^^^^^^
    |
    = note: `#[warn(dead_code)]` on by default

warning: multiple fields are never read
  --> src/web/handlers/photos.rs:19:9
   |
16 | pub struct PhotoQuery {
   |            ---------- fields in this struct
...
19 |     pub sort: Option<String>,
   |         ^^^^
20 |     pub order: Option<String>,
   |         ^^^^^
21 |     pub date_from: Option<String>,
   |         ^^^^^^^^^
22 |     pub date_to: Option<String>,
   |         ^^^^^^^
23 |     pub camera_make: Option<String>,
   |         ^^^^^^^^^^^
24 |     pub camera_model: Option<String>,
   |         ^^^^^^^^^^^^
25 |     pub has_gps: Option<bool>,
   |         ^^^^^^^
   |
   = note: `PhotoQuery` has a derived impl for the trait `Debug`, but this is intentionally ignored during dead code analysis

warning: function `get_mime_type` is never used
  --> src/web/static_handler.rs:67:8
   |
67 | pub fn get_mime_type(filename: &str) -> &'static str {
   |        ^^^^^^^^^^^^^

warning: `turbo-pix` (bin "turbo-pix") generated 9 warnings (6 duplicates)
    Finished `dev` profile [unoptimized + debuginfo] target(s) in 9.67s
     Running `target/debug/turbo-pix`
[2m2025-09-09T12:35:48.282523Z[0m [32m INFO[0m [2mturbo_pix[0m[2m:[0m Starting TurboPix server on 0.0.0.0:8080
[2m2025-09-09T12:35:48.282600Z[0m [32m INFO[0m [2mturbo_pix[0m[2m:[0m Photo paths: ["./photos"]
[2m2025-09-09T12:35:48.282617Z[0m [32m INFO[0m [2mturbo_pix[0m[2m:[0m Database: ./data/turbo-pix.db
[2m2025-09-09T12:35:48.289683Z[0m [32m INFO[0m [2mturbo_pix[0m[2m:[0m Database initialized successfully
[2m2025-09-09T12:35:48.290461Z[0m [32m INFO[0m [2mturbo_pix::scheduler::tasks[0m[2m:[0m Photo scheduler started with midnight indexing (0 0 * * *)
[2m2025-09-09T12:35:48.290515Z[0m [32m INFO[0m [2mturbo_pix[0m[2m:[0m Photo scheduler started
[2m2025-09-09T12:35:48.290543Z[0m [32m INFO[0m [2mturbo_pix[0m[2m:[0m Running initial photo scan...
[2m2025-09-09T12:35:48.290565Z[0m [32m INFO[0m [2mturbo_pix::scheduler::tasks[0m[2m:[0m Starting manual photo indexing
[2m2025-09-09T12:35:48.290630Z[0m [32m INFO[0m [2mturbo_pix::indexer::scanner[0m[2m:[0m Scanning directory: ./photos
[2m2025-09-09T12:35:48.290752Z[0m [32m INFO[0m [2mturbo_pix::indexer::scanner[0m[2m:[0m Found 0 photo files
[2m2025-09-09T12:35:48.290798Z[0m [32m INFO[0m [2mturbo_pix::indexer::processor[0m[2m:[0m Processing 0 photo files
[2m2025-09-09T12:35:48.290821Z[0m [32m INFO[0m [2mturbo_pix::indexer::processor[0m[2m:[0m Successfully processed 0 photos
[2m2025-09-09T12:35:48.290840Z[0m [32m INFO[0m [2mturbo_pix::scheduler::tasks[0m[2m:[0m Manual indexing completed: 0 photos indexed, 0 errors
[2m2025-09-09T12:35:48.290972Z[0m [32m INFO[0m [2mturbo_pix[0m[2m:[0m Thumbnail system initialized
[2m2025-09-09T12:35:48.291380Z[0m [32m INFO[0m [2mactix_server::builder[0m[2m:[0m starting 4 workers
[2m2025-09-09T12:35:48.291459Z[0m [32m INFO[0m [2mactix_server::server[0m[2m:[0m Actix runtime found; starting in Actix runtime
[2m2025-09-09T12:35:48.291489Z[0m [32m INFO[0m [2mactix_server::server[0m[2m:[0m starting service: "actix-web-service-0.0.0.0:8080", workers: 4, listening on: 0.0.0.0:8080
[2m2025-09-09T12:36:39.590783Z[0m [32m INFO[0m [2mactix_server::server[0m[2m:[0m SIGINT received; starting forced shutdown
[2m2025-09-09T12:36:39.590975Z[0m [32m INFO[0m [2mactix_server::accept[0m[2m:[0m accept thread stopped
[2m2025-09-09T12:36:39.591039Z[0m [32m INFO[0m [2mactix_server::worker[0m[2m:[0m shutting down idle worker
[2m2025-09-09T12:36:39.591088Z[0m [32m INFO[0m [2mactix_server::worker[0m[2m:[0m shutting down idle worker
[2m2025-09-09T12:36:39.591138Z[0m [32m INFO[0m [2mactix_server::worker[0m[2m:[0m shutting down idle worker
[2m2025-09-09T12:36:39.591276Z[0m [32m INFO[0m [2mactix_server::worker[0m[2m:[0m shutting down idle worker
